<?xml version="1.0" encoding="UTF-8" ?>
<!-- *************************GO-LICENSE-START******************************
 * Copyright 2014 ThoughtWorks, Inc.
 *
 * Licensed under the Apache License, Version 2.0 (the "License");
 * you may not use this file except in compliance with the License.
 * You may obtain a copy of the License at
 *
 *    http://www.apache.org/licenses/LICENSE-2.0
 *
 * Unless required by applicable law or agreed to in writing, software
 * distributed under the License is distributed on an "AS IS" BASIS,
 * WITHOUT WARRANTIES OR CONDITIONS OF ANY KIND, either express or implied.
 * See the License for the specific language governing permissions and
 * limitations under the License.
 *************************GO-LICENSE-END******************************* -->

<testsuite errors="1" failures="2" hostname="host" name="cruise.testing.JUnit.Suite2" tests="4" time="4.0" timestamp="2010-02-22T19:47:28">
  <testcase classname="cruise.testing.JUnit.Suite2" name="first" time="1.0">
    <error message="Just failed" type="junit.framework.AssertionFailedError">junit.framework.AssertionFailedError: Just failed
	at cruise.testing.JUnit.Suite2.a(JUnit.java:10)
    </error>
  </testcase>
  <testcase classname="cruise.testing.JUnit.Suite2" name="second" time="1.0">
    <failure message="Just failed" type="junit.framework.AssertionFailedError">junit.framework.AssertionFailedError: Just failed
	at cruise.testing.JUnit.Suite2.b(JUnit.java:20)
    </failure>
  </testcase>
  	<testcase classname="cruise.testing.JUnit.Suite2" name="third" time="1.0">
  </testcase>
  <testcase classname="cruise.testing.JUnit.Suite2" name="fourth" time="1.0">
  </testcase>
  <testcase classname="cruise.testing.JUnit.Suite2" name="fifth" time="1.0">
    <failure message="Just failed" type="junit.framework.AssertionFailedError">junit.framework.AssertionFailedError: Just failed
	at cruise.testing.JUnit.Suite2.b(JUnit.java:20)
    </failure>
  </testcase>
    <system-out><![CDATA[]]></system-out>
  <system-err><![CDATA[]]></system-err>

</testsuite>
